<?xml version="1.0" encoding="UTF-8" ?>
<testsuite errors="0" skipped="0" tests="44" time="0.062" failures="0" name="org.seasar3.core.EnvTest">
  <properties>
[...]
</properties>
  <testcase time="0" name="testSize"/>
  <testcase time="0" name="testIsEmpty"/>
  <testcase time="0" name="testContainsValue"/>
  <testcase time="0" name="testContainsKey"/>
  <testcase time="0" name="testIndexOf"/>
  <testcase time="0" name="testGet"/>
  <testcase time="0" name="testPut"/>
  <testcase time="0" name="testRemove"/>
  <testcase time="0" name="testRemove2"/>
  <testcase time="0" name="testRemove3"/>
  <testcase time="0" name="testRemove4"/>
  <testcase time="0" name="testPutAll"/>
  <testcase time="0" name="testEqaulas"/>
  <testcase time="0" name="testToString"/>
  <testcase time="0" name="testClear"/>
  <testcase time="0" name="testEntrySet"/>
  <testcase time="0" name="testInitializeForIllegalFilePath"/>
  <testcase time="0" name="testInitializeAndGetStageForIllegalFilePath"/>
  <testcase time="0" name="testGetStageForStageValueExist"/>
  <testcase time="0" name="testGetStageForStageValueDoesNotExist"/>
  <testcase time="0" name="testGetStringValueForKeyDoesNotExist"/>
  <testcase time="0" name="testGetStringValueForIllegalFilePath"/>
  <testcase time="0.016" name="testGetStringValueForKeyExists"/>
  <testcase time="0" name="testGetStringValueForStage"/>
  <testcase time="0" name="testGetStringValueForEmptyValue"/>
  <testcase time="0" name="testGetStringValueForStageAndEmptyValue"/>
  <testcase time="0" name="testGetByteValueForKeyExists"/>
  <testcase time="0" name="testGetByteValueForKeyDoesNotExist"/>
  <testcase time="0" name="testGetByteValueForKeyDoesNotExistAndDefaultValue"/>
  <testcase time="0" name="testGetShortValueForKeyExists"/>
  <testcase time="0" name="testGetShortValueForKeyDoesNotExist"/>
  <testcase time="0" name="testGetShortValueForKeyDoesNotExistAndDefaultValue"/>
  <testcase time="0" name="testGetIntegerValueForKeyExists"/>
  <testcase time="0" name="testGetIntegerValueForKeyDoesNotExist"/>
  <testcase time="0" name="testGetIntValueForKeyDoesNotExistAndDefaultValue"/>
  <testcase time="0.016" name="testGetLongValueForKeyExists"/>
  <testcase time="0" name="testGetLongValueForKeyDoesNotExist"/>
  <testcase time="0" name="testGetLongValueForKeyDoesNotExistAndDefaultValue"/>
  <testcase time="0" name="testGetFloatValueForKeyExists"/>
  <testcase time="0" name="testGetFloatValueForKeyDoesNotExist"/>
  <testcase time="0" name="testGetFloatValueForKeyDoesNotExistAndDefaultValue"/>
  <testcase time="0" name="testGetDoubleValueForKeyExists"/>
  <testcase time="0" name="testGetDoubleValueForKeyDoesNotExist"/>
  <testcase time="0" name="testGetDoubleValueForKeyDoesNotExistAndDefaultValue"/>
  <testcase time="0" name="testGetBooleanValueForKeyExists"/>
  <testcase time="0" name="testGetBooleanValueForKeyDoesNotExist"/>
  <testcase time="0" name="testGetBooleanValueForKeyDoesNotExistAndDefaultValue"/>
  <testcase time="0" name="testGetCharacterValueForKeyExists"/>
  <testcase time="0" name="testGetCharacterValueForKeyDoesNotExist"/>
  <testcase time="0" name="testGetCharValueForKeyDoesNotExistAndDefaultValue"/>
  <testcase time="0" name="testIsUtForUt"/>
  <testcase time="0" name="testIsUtForNotUt"/>
  <testcase time="0" name="testIsCtForCt"/>
  <testcase time="0" name="testIsCtForNotCt"/>
  <testcase time="0" name="testIsItForIt"/>
  <testcase time="0" name="testIsItForNotIt"/>
  <testcase time="0" name="testIsProductionForProduction"/>
  <testcase time="0" name="testIsProductionForNotProduction"/>
  <testcase time="0" name="testIsHotDeploymentForCt"/>
  <testcase time="0" name="testIsHotDeploymentForNotCt"/>
</testsuite>